<?xml version="1.0" encoding="UTF-8"?>
<!-- Generated by org.testng.reporters.JUnitXMLReporter -->
<testsuite hostname="kochetov" name="Test1" tests="4" failures="0" timestamp="19 Apr 2015 12:41:08 GMT" time="18.791" errors="0">
  <testcase name="testLogin" time="3.132" classname="ru.st.selenium.Login"/>
  <testcase name="testAddFilm" time="5.123" classname="ru.st.selenium.AddFilm"/>
  <testcase name="testDelFilm" time="0.776" classname="ru.st.selenium.DelFilm"/>
  <testcase name="testLogout" time="1.279" classname="ru.st.selenium.Logout"/>
</testsuite> <!-- Test1 -->
