<?xml version="1.0" encoding="UTF-8"?>
<testng-results skipped="0" failed="0" total="4" passed="4">
  <reporter-output>
  </reporter-output>
  <suite name="Tests" duration-ms="18791" started-at="2015-04-19T12:40:49Z" finished-at="2015-04-19T12:41:07Z">
    <groups>
    </groups>
    <test name="Test1" duration-ms="18791" started-at="2015-04-19T12:40:49Z" finished-at="2015-04-19T12:41:07Z">
      <class name="ru.st.selenium.AddFilm">
        <test-method status="PASS" signature="init()[pri:0, instance:ru.st.selenium.AddFilm@6fadae5d]" name="init" is-config="true" duration-ms="320" started-at="2015-04-19T17:40:59Z" finished-at="2015-04-19T17:40:59Z">
          <reporter-output>
          </reporter-output>
        </test-method> <!-- init -->
        <test-method status="PASS" signature="testAddFilm()[pri:0, instance:ru.st.selenium.AddFilm@6fadae5d]" name="testAddFilm" duration-ms="5123" started-at="2015-04-19T17:40:59Z" finished-at="2015-04-19T17:41:05Z">
          <reporter-output>
          </reporter-output>
        </test-method> <!-- testAddFilm -->
        <test-method status="PASS" signature="tearDown()[pri:0, instance:ru.st.selenium.AddFilm@6fadae5d]" name="tearDown" is-config="true" duration-ms="350" started-at="2015-04-19T17:41:08Z" finished-at="2015-04-19T17:41:08Z">
          <reporter-output>
          </reporter-output>
        </test-method> <!-- tearDown -->
      </class> <!-- ru.st.selenium.AddFilm -->
      <class name="ru.st.selenium.Logout">
        <test-method status="PASS" signature="init()[pri:0, instance:ru.st.selenium.Logout@1554909b]" name="init" is-config="true" duration-ms="733" started-at="2015-04-19T17:41:05Z" finished-at="2015-04-19T17:41:06Z">
          <reporter-output>
          </reporter-output>
        </test-method> <!-- init -->
        <test-method status="PASS" signature="testLogout()[pri:0, instance:ru.st.selenium.Logout@1554909b]" name="testLogout" duration-ms="1279" started-at="2015-04-19T17:41:06Z" finished-at="2015-04-19T17:41:07Z">
          <reporter-output>
          </reporter-output>
        </test-method> <!-- testLogout -->
      </class> <!-- ru.st.selenium.Logout -->
      <class name="ru.st.selenium.Login">
        <test-method status="PASS" signature="init()[pri:0, instance:ru.st.selenium.Login@6bf256fa]" name="init" is-config="true" duration-ms="7308" started-at="2015-04-19T17:40:49Z" finished-at="2015-04-19T17:40:56Z">
          <reporter-output>
          </reporter-output>
        </test-method> <!-- init -->
        <test-method status="PASS" signature="testLogin()[pri:0, instance:ru.st.selenium.Login@6bf256fa]" name="testLogin" duration-ms="3132" started-at="2015-04-19T17:40:56Z" finished-at="2015-04-19T17:40:59Z">
          <reporter-output>
          </reporter-output>
        </test-method> <!-- testLogin -->
      </class> <!-- ru.st.selenium.Login -->
      <class name="ru.st.selenium.DelFilm">
        <test-method status="PASS" signature="init()[pri:0, instance:ru.st.selenium.DelFilm@6cd8737]" name="init" is-config="true" duration-ms="101" started-at="2015-04-19T17:41:05Z" finished-at="2015-04-19T17:41:05Z">
          <reporter-output>
          </reporter-output>
        </test-method> <!-- init -->
        <test-method status="PASS" signature="testDelFilm()[pri:0, instance:ru.st.selenium.DelFilm@6cd8737]" name="testDelFilm" duration-ms="776" started-at="2015-04-19T17:41:05Z" finished-at="2015-04-19T17:41:05Z">
          <reporter-output>
          </reporter-output>
        </test-method> <!-- testDelFilm -->
      </class> <!-- ru.st.selenium.DelFilm -->
    </test> <!-- Test1 -->
  </suite> <!-- Tests -->
</testng-results>
